<?xml version="1.0" encoding="UTF-8"?>
<testsuite xmlns:xsi="http://www.w3.org/2001/XMLSchema-instance" xsi:noNamespaceSchemaLocation="https://maven.apache.org/surefire/maven-surefire-plugin/xsd/surefire-test-report.xsd" version="3.0.2" name="com.bolsadeideas.springboot.reactor.app.SpringBootWebfluxApirestApplicationTests" time="22.345" tests="7" errors="0" skipped="0" failures="0">
  <properties>
    <property name="java.specification.version" value="17"/>
    <property name="sun.cpu.isalist" value="amd64"/>
    <property name="sun.jnu.encoding" value="Cp1252"/>
    <property name="java.class.path" value="c:\wks_sts_webflux\spring-boot-webflux-apirest\target\test-classes;c:\wks_sts_webflux\spring-boot-webflux-apirest\target\classes;C:\Users\andres.jurado_pragma\.m2\org\springframework\boot\spring-boot-starter-data-mongodb-reactive\3.4.4\spring-boot-starter-data-mongodb-reactive-3.4.4.jar;C:\Users\andres.jurado_pragma\.m2\org\springframework\boot\spring-boot-starter\3.4.4\spring-boot-starter-3.4.4.jar;C:\Users\andres.jurado_pragma\.m2\org\springframework\boot\spring-boot-starter-logging\3.4.4\spring-boot-starter-logging-3.4.4.jar;C:\Users\andres.jurado_pragma\.m2\ch\qos\logback\logback-classic\1.5.18\logback-classic-1.5.18.jar;C:\Users\andres.jurado_pragma\.m2\ch\qos\logback\logback-core\1.5.18\logback-core-1.5.18.jar;C:\Users\andres.jurado_pragma\.m2\org\apache\logging\log4j\log4j-to-slf4j\2.24.3\log4j-to-slf4j-2.24.3.jar;C:\Users\andres.jurado_pragma\.m2\org\apache\logging\log4j\log4j-api\2.24.3\log4j-api-2.24.3.jar;C:\Users\andres.jurado_pragma\.m2\org\slf4j\jul-to-slf4j\2.0.17\jul-to-slf4j-2.0.17.jar;C:\Users\andres.jurado_pragma\.m2\jakarta\annotation\jakarta.annotation-api\2.1.1\jakarta.annotation-api-2.1.1.jar;C:\Users\andres.jurado_pragma\.m2\org\yaml\snakeyaml\2.3\snakeyaml-2.3.jar;C:\Users\andres.jurado_pragma\.m2\io\projectreactor\reactor-core\3.7.4\reactor-core-3.7.4.jar;C:\Users\andres.jurado_pragma\.m2\org\reactivestreams\reactive-streams\1.0.4\reactive-streams-1.0.4.jar;C:\Users\andres.jurado_pragma\.m2\org\mongodb\mongodb-driver-reactivestreams\5.2.1\mongodb-driver-reactivestreams-5.2.1.jar;C:\Users\andres.jurado_pragma\.m2\org\mongodb\bson\5.2.1\bson-5.2.1.jar;C:\Users\andres.jurado_pragma\.m2\org\mongodb\mongodb-driver-core\5.2.1\mongodb-driver-core-5.2.1.jar;C:\Users\andres.jurado_pragma\.m2\org\mongodb\bson-record-codec\5.2.1\bson-record-codec-5.2.1.jar;C:\Users\andres.jurado_pragma\.m2\org\springframework\data\spring-data-mongodb\4.4.4\spring-data-mongodb-4.4.4.jar;C:\Users\andres.jurado_pragma\.m2\org\springframework\spring-tx\6.2.5\spring-tx-6.2.5.jar;C:\Users\andres.jurado_pragma\.m2\org\springframework\spring-context\6.2.5\spring-context-6.2.5.jar;C:\Users\andres.jurado_pragma\.m2\org\springframework\spring-aop\6.2.5\spring-aop-6.2.5.jar;C:\Users\andres.jurado_pragma\.m2\org\springframework\spring-beans\6.2.5\spring-beans-6.2.5.jar;C:\Users\andres.jurado_pragma\.m2\org\springframework\spring-expression\6.2.5\spring-expression-6.2.5.jar;C:\Users\andres.jurado_pragma\.m2\org\springframework\data\spring-data-commons\3.4.4\spring-data-commons-3.4.4.jar;C:\Users\andres.jurado_pragma\.m2\org\slf4j\slf4j-api\2.0.17\slf4j-api-2.0.17.jar;C:\Users\andres.jurado_pragma\.m2\org\springframework\boot\spring-boot-starter-webflux\3.4.4\spring-boot-starter-webflux-3.4.4.jar;C:\Users\andres.jurado_pragma\.m2\org\springframework\boot\spring-boot-starter-json\3.4.4\spring-boot-starter-json-3.4.4.jar;C:\Users\andres.jurado_pragma\.m2\com\fasterxml\jackson\core\jackson-databind\2.18.3\jackson-databind-2.18.3.jar;C:\Users\andres.jurado_pragma\.m2\com\fasterxml\jackson\core\jackson-annotations\2.18.3\jackson-annotations-2.18.3.jar;C:\Users\andres.jurado_pragma\.m2\com\fasterxml\jackson\core\jackson-core\2.18.3\jackson-core-2.18.3.jar;C:\Users\andres.jurado_pragma\.m2\com\fasterxml\jackson\datatype\jackson-datatype-jdk8\2.18.3\jackson-datatype-jdk8-2.18.3.jar;C:\Users\andres.jurado_pragma\.m2\com\fasterxml\jackson\datatype\jackson-datatype-jsr310\2.18.3\jackson-datatype-jsr310-2.18.3.jar;C:\Users\andres.jurado_pragma\.m2\com\fasterxml\jackson\module\jackson-module-parameter-names\2.18.3\jackson-module-parameter-names-2.18.3.jar;C:\Users\andres.jurado_pragma\.m2\org\springframework\boot\spring-boot-starter-reactor-netty\3.4.4\spring-boot-starter-reactor-netty-3.4.4.jar;C:\Users\andres.jurado_pragma\.m2\io\projectreactor\netty\reactor-netty-http\1.2.4\reactor-netty-http-1.2.4.jar;C:\Users\andres.jurado_pragma\.m2\io\netty\netty-codec-http\4.1.119.Final\netty-codec-http-4.1.119.Final.jar;C:\Users\andres.jurado_pragma\.m2\io\netty\netty-common\4.1.119.Final\netty-common-4.1.119.Final.jar;C:\Users\andres.jurado_pragma\.m2\io\netty\netty-buffer\4.1.119.Final\netty-buffer-4.1.119.Final.jar;C:\Users\andres.jurado_pragma\.m2\io\netty\netty-transport\4.1.119.Final\netty-transport-4.1.119.Final.jar;C:\Users\andres.jurado_pragma\.m2\io\netty\netty-codec\4.1.119.Final\netty-codec-4.1.119.Final.jar;C:\Users\andres.jurado_pragma\.m2\io\netty\netty-handler\4.1.119.Final\netty-handler-4.1.119.Final.jar;C:\Users\andres.jurado_pragma\.m2\io\netty\netty-codec-http2\4.1.119.Final\netty-codec-http2-4.1.119.Final.jar;C:\Users\andres.jurado_pragma\.m2\io\netty\netty-resolver-dns\4.1.119.Final\netty-resolver-dns-4.1.119.Final.jar;C:\Users\andres.jurado_pragma\.m2\io\netty\netty-resolver\4.1.119.Final\netty-resolver-4.1.119.Final.jar;C:\Users\andres.jurado_pragma\.m2\io\netty\netty-codec-dns\4.1.119.Final\netty-codec-dns-4.1.119.Final.jar;C:\Users\andres.jurado_pragma\.m2\io\netty\netty-resolver-dns-native-macos\4.1.119.Final\netty-resolver-dns-native-macos-4.1.119.Final-osx-x86_64.jar;C:\Users\andres.jurado_pragma\.m2\io\netty\netty-resolver-dns-classes-macos\4.1.119.Final\netty-resolver-dns-classes-macos-4.1.119.Final.jar;C:\Users\andres.jurado_pragma\.m2\io\netty\netty-transport-native-epoll\4.1.119.Final\netty-transport-native-epoll-4.1.119.Final-linux-x86_64.jar;C:\Users\andres.jurado_pragma\.m2\io\netty\netty-transport-native-unix-common\4.1.119.Final\netty-transport-native-unix-common-4.1.119.Final.jar;C:\Users\andres.jurado_pragma\.m2\io\netty\netty-transport-classes-epoll\4.1.119.Final\netty-transport-classes-epoll-4.1.119.Final.jar;C:\Users\andres.jurado_pragma\.m2\io\projectreactor\netty\reactor-netty-core\1.2.4\reactor-netty-core-1.2.4.jar;C:\Users\andres.jurado_pragma\.m2\io\netty\netty-handler-proxy\4.1.119.Final\netty-handler-proxy-4.1.119.Final.jar;C:\Users\andres.jurado_pragma\.m2\io\netty\netty-codec-socks\4.1.119.Final\netty-codec-socks-4.1.119.Final.jar;C:\Users\andres.jurado_pragma\.m2\org\springframework\spring-web\6.2.5\spring-web-6.2.5.jar;C:\Users\andres.jurado_pragma\.m2\io\micrometer\micrometer-observation\1.14.5\micrometer-observation-1.14.5.jar;C:\Users\andres.jurado_pragma\.m2\io\micrometer\micrometer-commons\1.14.5\micrometer-commons-1.14.5.jar;C:\Users\andres.jurado_pragma\.m2\org\springframework\spring-webflux\6.2.5\spring-webflux-6.2.5.jar;C:\Users\andres.jurado_pragma\.m2\org\springframework\boot\spring-boot-devtools\3.4.4\spring-boot-devtools-3.4.4.jar;C:\Users\andres.jurado_pragma\.m2\org\springframework\boot\spring-boot\3.4.4\spring-boot-3.4.4.jar;C:\Users\andres.jurado_pragma\.m2\org\springframework\boot\spring-boot-autoconfigure\3.4.4\spring-boot-autoconfigure-3.4.4.jar;C:\Users\andres.jurado_pragma\.m2\org\springframework\boot\spring-boot-starter-validation\3.4.4\spring-boot-starter-validation-3.4.4.jar;C:\Users\andres.jurado_pragma\.m2\org\apache\tomcat\embed\tomcat-embed-el\10.1.39\tomcat-embed-el-10.1.39.jar;C:\Users\andres.jurado_pragma\.m2\org\hibernate\validator\hibernate-validator\8.0.2.Final\hibernate-validator-8.0.2.Final.jar;C:\Users\andres.jurado_pragma\.m2\jakarta\validation\jakarta.validation-api\3.0.2\jakarta.validation-api-3.0.2.jar;C:\Users\andres.jurado_pragma\.m2\org\jboss\logging\jboss-logging\3.6.1.Final\jboss-logging-3.6.1.Final.jar;C:\Users\andres.jurado_pragma\.m2\com\fasterxml\classmate\1.7.0\classmate-1.7.0.jar;C:\Users\andres.jurado_pragma\.m2\org\springframework\boot\spring-boot-starter-test\3.4.4\spring-boot-starter-test-3.4.4.jar;C:\Users\andres.jurado_pragma\.m2\org\springframework\boot\spring-boot-test\3.4.4\spring-boot-test-3.4.4.jar;C:\Users\andres.jurado_pragma\.m2\org\springframework\boot\spring-boot-test-autoconfigure\3.4.4\spring-boot-test-autoconfigure-3.4.4.jar;C:\Users\andres.jurado_pragma\.m2\com\jayway\jsonpath\json-path\2.9.0\json-path-2.9.0.jar;C:\Users\andres.jurado_pragma\.m2\jakarta\xml\bind\jakarta.xml.bind-api\4.0.2\jakarta.xml.bind-api-4.0.2.jar;C:\Users\andres.jurado_pragma\.m2\jakarta\activation\jakarta.activation-api\2.1.3\jakarta.activation-api-2.1.3.jar;C:\Users\andres.jurado_pragma\.m2\net\minidev\json-smart\2.5.2\json-smart-2.5.2.jar;C:\Users\andres.jurado_pragma\.m2\net\minidev\accessors-smart\2.5.2\accessors-smart-2.5.2.jar;C:\Users\andres.jurado_pragma\.m2\org\ow2\asm\asm\9.7.1\asm-9.7.1.jar;C:\Users\andres.jurado_pragma\.m2\org\assertj\assertj-core\3.26.3\assertj-core-3.26.3.jar;C:\Users\andres.jurado_pragma\.m2\net\bytebuddy\byte-buddy\1.15.11\byte-buddy-1.15.11.jar;C:\Users\andres.jurado_pragma\.m2\org\awaitility\awaitility\4.2.2\awaitility-4.2.2.jar;C:\Users\andres.jurado_pragma\.m2\org\hamcrest\hamcrest\2.2\hamcrest-2.2.jar;C:\Users\andres.jurado_pragma\.m2\org\junit\jupiter\junit-jupiter\5.11.4\junit-jupiter-5.11.4.jar;C:\Users\andres.jurado_pragma\.m2\org\junit\jupiter\junit-jupiter-api\5.11.4\junit-jupiter-api-5.11.4.jar;C:\Users\andres.jurado_pragma\.m2\org\opentest4j\opentest4j\1.3.0\opentest4j-1.3.0.jar;C:\Users\andres.jurado_pragma\.m2\org\junit\platform\junit-platform-commons\1.11.4\junit-platform-commons-1.11.4.jar;C:\Users\andres.jurado_pragma\.m2\org\apiguardian\apiguardian-api\1.1.2\apiguardian-api-1.1.2.jar;C:\Users\andres.jurado_pragma\.m2\org\junit\jupiter\junit-jupiter-params\5.11.4\junit-jupiter-params-5.11.4.jar;C:\Users\andres.jurado_pragma\.m2\org\junit\jupiter\junit-jupiter-engine\5.11.4\junit-jupiter-engine-5.11.4.jar;C:\Users\andres.jurado_pragma\.m2\org\junit\platform\junit-platform-engine\1.11.4\junit-platform-engine-1.11.4.jar;C:\Users\andres.jurado_pragma\.m2\org\mockito\mockito-core\5.14.2\mockito-core-5.14.2.jar;C:\Users\andres.jurado_pragma\.m2\net\bytebuddy\byte-buddy-agent\1.15.11\byte-buddy-agent-1.15.11.jar;C:\Users\andres.jurado_pragma\.m2\org\objenesis\objenesis\3.3\objenesis-3.3.jar;C:\Users\andres.jurado_pragma\.m2\org\mockito\mockito-junit-jupiter\5.14.2\mockito-junit-jupiter-5.14.2.jar;C:\Users\andres.jurado_pragma\.m2\org\skyscreamer\jsonassert\1.5.3\jsonassert-1.5.3.jar;C:\Users\andres.jurado_pragma\.m2\com\vaadin\external\google\android-json\0.0.20131108.vaadin1\android-json-0.0.20131108.vaadin1.jar;C:\Users\andres.jurado_pragma\.m2\org\springframework\spring-core\6.2.5\spring-core-6.2.5.jar;C:\Users\andres.jurado_pragma\.m2\org\springframework\spring-jcl\6.2.5\spring-jcl-6.2.5.jar;C:\Users\andres.jurado_pragma\.m2\org\springframework\spring-test\6.2.5\spring-test-6.2.5.jar;C:\Users\andres.jurado_pragma\.m2\org\xmlunit\xmlunit-core\2.10.0\xmlunit-core-2.10.0.jar;C:\Users\andres.jurado_pragma\.m2\io\projectreactor\reactor-test\3.7.4\reactor-test-3.7.4.jar;"/>
    <property name="java.vm.vendor" value="Amazon.com Inc."/>
    <property name="sun.arch.data.model" value="64"/>
    <property name="user.variant" value=""/>
    <property name="java.vendor.url" value="https://aws.amazon.com/corretto/"/>
    <property name="user.timezone" value="America/Bogota"/>
    <property name="org.jboss.logging.provider" value="slf4j"/>
    <property name="os.name" value="Windows 11"/>
    <property name="java.vm.specification.version" value="17"/>
    <property name="sun.java.launcher" value="SUN_STANDARD"/>
    <property name="user.country" value="CO"/>
    <property name="sun.boot.library.path" value="C:\Program Files\Java\jdk17.0.14_7\bin"/>
    <property name="sun.java.command" value="C:\Users\andres.jurado_pragma\AppData\Local\Temp\surefire3595059403996679582\surefirebooter-20250424182159680_3.jar C:\Users\andres.jurado_pragma\AppData\Local\Temp\surefire3595059403996679582 2025-04-24T18-21-57_836-jvmRun1 surefire-20250424182159680_1tmp surefire_0-20250424182159680_2tmp"/>
    <property name="jdk.debug" value="release"/>
    <property name="surefire.test.class.path" value="c:\wks_sts_webflux\spring-boot-webflux-apirest\target\test-classes;c:\wks_sts_webflux\spring-boot-webflux-apirest\target\classes;C:\Users\andres.jurado_pragma\.m2\org\springframework\boot\spring-boot-starter-data-mongodb-reactive\3.4.4\spring-boot-starter-data-mongodb-reactive-3.4.4.jar;C:\Users\andres.jurado_pragma\.m2\org\springframework\boot\spring-boot-starter\3.4.4\spring-boot-starter-3.4.4.jar;C:\Users\andres.jurado_pragma\.m2\org\springframework\boot\spring-boot-starter-logging\3.4.4\spring-boot-starter-logging-3.4.4.jar;C:\Users\andres.jurado_pragma\.m2\ch\qos\logback\logback-classic\1.5.18\logback-classic-1.5.18.jar;C:\Users\andres.jurado_pragma\.m2\ch\qos\logback\logback-core\1.5.18\logback-core-1.5.18.jar;C:\Users\andres.jurado_pragma\.m2\org\apache\logging\log4j\log4j-to-slf4j\2.24.3\log4j-to-slf4j-2.24.3.jar;C:\Users\andres.jurado_pragma\.m2\org\apache\logging\log4j\log4j-api\2.24.3\log4j-api-2.24.3.jar;C:\Users\andres.jurado_pragma\.m2\org\slf4j\jul-to-slf4j\2.0.17\jul-to-slf4j-2.0.17.jar;C:\Users\andres.jurado_pragma\.m2\jakarta\annotation\jakarta.annotation-api\2.1.1\jakarta.annotation-api-2.1.1.jar;C:\Users\andres.jurado_pragma\.m2\org\yaml\snakeyaml\2.3\snakeyaml-2.3.jar;C:\Users\andres.jurado_pragma\.m2\io\projectreactor\reactor-core\3.7.4\reactor-core-3.7.4.jar;C:\Users\andres.jurado_pragma\.m2\org\reactivestreams\reactive-streams\1.0.4\reactive-streams-1.0.4.jar;C:\Users\andres.jurado_pragma\.m2\org\mongodb\mongodb-driver-reactivestreams\5.2.1\mongodb-driver-reactivestreams-5.2.1.jar;C:\Users\andres.jurado_pragma\.m2\org\mongodb\bson\5.2.1\bson-5.2.1.jar;C:\Users\andres.jurado_pragma\.m2\org\mongodb\mongodb-driver-core\5.2.1\mongodb-driver-core-5.2.1.jar;C:\Users\andres.jurado_pragma\.m2\org\mongodb\bson-record-codec\5.2.1\bson-record-codec-5.2.1.jar;C:\Users\andres.jurado_pragma\.m2\org\springframework\data\spring-data-mongodb\4.4.4\spring-data-mongodb-4.4.4.jar;C:\Users\andres.jurado_pragma\.m2\org\springframework\spring-tx\6.2.5\spring-tx-6.2.5.jar;C:\Users\andres.jurado_pragma\.m2\org\springframework\spring-context\6.2.5\spring-context-6.2.5.jar;C:\Users\andres.jurado_pragma\.m2\org\springframework\spring-aop\6.2.5\spring-aop-6.2.5.jar;C:\Users\andres.jurado_pragma\.m2\org\springframework\spring-beans\6.2.5\spring-beans-6.2.5.jar;C:\Users\andres.jurado_pragma\.m2\org\springframework\spring-expression\6.2.5\spring-expression-6.2.5.jar;C:\Users\andres.jurado_pragma\.m2\org\springframework\data\spring-data-commons\3.4.4\spring-data-commons-3.4.4.jar;C:\Users\andres.jurado_pragma\.m2\org\slf4j\slf4j-api\2.0.17\slf4j-api-2.0.17.jar;C:\Users\andres.jurado_pragma\.m2\org\springframework\boot\spring-boot-starter-webflux\3.4.4\spring-boot-starter-webflux-3.4.4.jar;C:\Users\andres.jurado_pragma\.m2\org\springframework\boot\spring-boot-starter-json\3.4.4\spring-boot-starter-json-3.4.4.jar;C:\Users\andres.jurado_pragma\.m2\com\fasterxml\jackson\core\jackson-databind\2.18.3\jackson-databind-2.18.3.jar;C:\Users\andres.jurado_pragma\.m2\com\fasterxml\jackson\core\jackson-annotations\2.18.3\jackson-annotations-2.18.3.jar;C:\Users\andres.jurado_pragma\.m2\com\fasterxml\jackson\core\jackson-core\2.18.3\jackson-core-2.18.3.jar;C:\Users\andres.jurado_pragma\.m2\com\fasterxml\jackson\datatype\jackson-datatype-jdk8\2.18.3\jackson-datatype-jdk8-2.18.3.jar;C:\Users\andres.jurado_pragma\.m2\com\fasterxml\jackson\datatype\jackson-datatype-jsr310\2.18.3\jackson-datatype-jsr310-2.18.3.jar;C:\Users\andres.jurado_pragma\.m2\com\fasterxml\jackson\module\jackson-module-parameter-names\2.18.3\jackson-module-parameter-names-2.18.3.jar;C:\Users\andres.jurado_pragma\.m2\org\springframework\boot\spring-boot-starter-reactor-netty\3.4.4\spring-boot-starter-reactor-netty-3.4.4.jar;C:\Users\andres.jurado_pragma\.m2\io\projectreactor\netty\reactor-netty-http\1.2.4\reactor-netty-http-1.2.4.jar;C:\Users\andres.jurado_pragma\.m2\io\netty\netty-codec-http\4.1.119.Final\netty-codec-http-4.1.119.Final.jar;C:\Users\andres.jurado_pragma\.m2\io\netty\netty-common\4.1.119.Final\netty-common-4.1.119.Final.jar;C:\Users\andres.jurado_pragma\.m2\io\netty\netty-buffer\4.1.119.Final\netty-buffer-4.1.119.Final.jar;C:\Users\andres.jurado_pragma\.m2\io\netty\netty-transport\4.1.119.Final\netty-transport-4.1.119.Final.jar;C:\Users\andres.jurado_pragma\.m2\io\netty\netty-codec\4.1.119.Final\netty-codec-4.1.119.Final.jar;C:\Users\andres.jurado_pragma\.m2\io\netty\netty-handler\4.1.119.Final\netty-handler-4.1.119.Final.jar;C:\Users\andres.jurado_pragma\.m2\io\netty\netty-codec-http2\4.1.119.Final\netty-codec-http2-4.1.119.Final.jar;C:\Users\andres.jurado_pragma\.m2\io\netty\netty-resolver-dns\4.1.119.Final\netty-resolver-dns-4.1.119.Final.jar;C:\Users\andres.jurado_pragma\.m2\io\netty\netty-resolver\4.1.119.Final\netty-resolver-4.1.119.Final.jar;C:\Users\andres.jurado_pragma\.m2\io\netty\netty-codec-dns\4.1.119.Final\netty-codec-dns-4.1.119.Final.jar;C:\Users\andres.jurado_pragma\.m2\io\netty\netty-resolver-dns-native-macos\4.1.119.Final\netty-resolver-dns-native-macos-4.1.119.Final-osx-x86_64.jar;C:\Users\andres.jurado_pragma\.m2\io\netty\netty-resolver-dns-classes-macos\4.1.119.Final\netty-resolver-dns-classes-macos-4.1.119.Final.jar;C:\Users\andres.jurado_pragma\.m2\io\netty\netty-transport-native-epoll\4.1.119.Final\netty-transport-native-epoll-4.1.119.Final-linux-x86_64.jar;C:\Users\andres.jurado_pragma\.m2\io\netty\netty-transport-native-unix-common\4.1.119.Final\netty-transport-native-unix-common-4.1.119.Final.jar;C:\Users\andres.jurado_pragma\.m2\io\netty\netty-transport-classes-epoll\4.1.119.Final\netty-transport-classes-epoll-4.1.119.Final.jar;C:\Users\andres.jurado_pragma\.m2\io\projectreactor\netty\reactor-netty-core\1.2.4\reactor-netty-core-1.2.4.jar;C:\Users\andres.jurado_pragma\.m2\io\netty\netty-handler-proxy\4.1.119.Final\netty-handler-proxy-4.1.119.Final.jar;C:\Users\andres.jurado_pragma\.m2\io\netty\netty-codec-socks\4.1.119.Final\netty-codec-socks-4.1.119.Final.jar;C:\Users\andres.jurado_pragma\.m2\org\springframework\spring-web\6.2.5\spring-web-6.2.5.jar;C:\Users\andres.jurado_pragma\.m2\io\micrometer\micrometer-observation\1.14.5\micrometer-observation-1.14.5.jar;C:\Users\andres.jurado_pragma\.m2\io\micrometer\micrometer-commons\1.14.5\micrometer-commons-1.14.5.jar;C:\Users\andres.jurado_pragma\.m2\org\springframework\spring-webflux\6.2.5\spring-webflux-6.2.5.jar;C:\Users\andres.jurado_pragma\.m2\org\springframework\boot\spring-boot-devtools\3.4.4\spring-boot-devtools-3.4.4.jar;C:\Users\andres.jurado_pragma\.m2\org\springframework\boot\spring-boot\3.4.4\spring-boot-3.4.4.jar;C:\Users\andres.jurado_pragma\.m2\org\springframework\boot\spring-boot-autoconfigure\3.4.4\spring-boot-autoconfigure-3.4.4.jar;C:\Users\andres.jurado_pragma\.m2\org\springframework\boot\spring-boot-starter-validation\3.4.4\spring-boot-starter-validation-3.4.4.jar;C:\Users\andres.jurado_pragma\.m2\org\apache\tomcat\embed\tomcat-embed-el\10.1.39\tomcat-embed-el-10.1.39.jar;C:\Users\andres.jurado_pragma\.m2\org\hibernate\validator\hibernate-validator\8.0.2.Final\hibernate-validator-8.0.2.Final.jar;C:\Users\andres.jurado_pragma\.m2\jakarta\validation\jakarta.validation-api\3.0.2\jakarta.validation-api-3.0.2.jar;C:\Users\andres.jurado_pragma\.m2\org\jboss\logging\jboss-logging\3.6.1.Final\jboss-logging-3.6.1.Final.jar;C:\Users\andres.jurado_pragma\.m2\com\fasterxml\classmate\1.7.0\classmate-1.7.0.jar;C:\Users\andres.jurado_pragma\.m2\org\springframework\boot\spring-boot-starter-test\3.4.4\spring-boot-starter-test-3.4.4.jar;C:\Users\andres.jurado_pragma\.m2\org\springframework\boot\spring-boot-test\3.4.4\spring-boot-test-3.4.4.jar;C:\Users\andres.jurado_pragma\.m2\org\springframework\boot\spring-boot-test-autoconfigure\3.4.4\spring-boot-test-autoconfigure-3.4.4.jar;C:\Users\andres.jurado_pragma\.m2\com\jayway\jsonpath\json-path\2.9.0\json-path-2.9.0.jar;C:\Users\andres.jurado_pragma\.m2\jakarta\xml\bind\jakarta.xml.bind-api\4.0.2\jakarta.xml.bind-api-4.0.2.jar;C:\Users\andres.jurado_pragma\.m2\jakarta\activation\jakarta.activation-api\2.1.3\jakarta.activation-api-2.1.3.jar;C:\Users\andres.jurado_pragma\.m2\net\minidev\json-smart\2.5.2\json-smart-2.5.2.jar;C:\Users\andres.jurado_pragma\.m2\net\minidev\accessors-smart\2.5.2\accessors-smart-2.5.2.jar;C:\Users\andres.jurado_pragma\.m2\org\ow2\asm\asm\9.7.1\asm-9.7.1.jar;C:\Users\andres.jurado_pragma\.m2\org\assertj\assertj-core\3.26.3\assertj-core-3.26.3.jar;C:\Users\andres.jurado_pragma\.m2\net\bytebuddy\byte-buddy\1.15.11\byte-buddy-1.15.11.jar;C:\Users\andres.jurado_pragma\.m2\org\awaitility\awaitility\4.2.2\awaitility-4.2.2.jar;C:\Users\andres.jurado_pragma\.m2\org\hamcrest\hamcrest\2.2\hamcrest-2.2.jar;C:\Users\andres.jurado_pragma\.m2\org\junit\jupiter\junit-jupiter\5.11.4\junit-jupiter-5.11.4.jar;C:\Users\andres.jurado_pragma\.m2\org\junit\jupiter\junit-jupiter-api\5.11.4\junit-jupiter-api-5.11.4.jar;C:\Users\andres.jurado_pragma\.m2\org\opentest4j\opentest4j\1.3.0\opentest4j-1.3.0.jar;C:\Users\andres.jurado_pragma\.m2\org\junit\platform\junit-platform-commons\1.11.4\junit-platform-commons-1.11.4.jar;C:\Users\andres.jurado_pragma\.m2\org\apiguardian\apiguardian-api\1.1.2\apiguardian-api-1.1.2.jar;C:\Users\andres.jurado_pragma\.m2\org\junit\jupiter\junit-jupiter-params\5.11.4\junit-jupiter-params-5.11.4.jar;C:\Users\andres.jurado_pragma\.m2\org\junit\jupiter\junit-jupiter-engine\5.11.4\junit-jupiter-engine-5.11.4.jar;C:\Users\andres.jurado_pragma\.m2\org\junit\platform\junit-platform-engine\1.11.4\junit-platform-engine-1.11.4.jar;C:\Users\andres.jurado_pragma\.m2\org\mockito\mockito-core\5.14.2\mockito-core-5.14.2.jar;C:\Users\andres.jurado_pragma\.m2\net\bytebuddy\byte-buddy-agent\1.15.11\byte-buddy-agent-1.15.11.jar;C:\Users\andres.jurado_pragma\.m2\org\objenesis\objenesis\3.3\objenesis-3.3.jar;C:\Users\andres.jurado_pragma\.m2\org\mockito\mockito-junit-jupiter\5.14.2\mockito-junit-jupiter-5.14.2.jar;C:\Users\andres.jurado_pragma\.m2\org\skyscreamer\jsonassert\1.5.3\jsonassert-1.5.3.jar;C:\Users\andres.jurado_pragma\.m2\com\vaadin\external\google\android-json\0.0.20131108.vaadin1\android-json-0.0.20131108.vaadin1.jar;C:\Users\andres.jurado_pragma\.m2\org\springframework\spring-core\6.2.5\spring-core-6.2.5.jar;C:\Users\andres.jurado_pragma\.m2\org\springframework\spring-jcl\6.2.5\spring-jcl-6.2.5.jar;C:\Users\andres.jurado_pragma\.m2\org\springframework\spring-test\6.2.5\spring-test-6.2.5.jar;C:\Users\andres.jurado_pragma\.m2\org\xmlunit\xmlunit-core\2.10.0\xmlunit-core-2.10.0.jar;C:\Users\andres.jurado_pragma\.m2\io\projectreactor\reactor-test\3.7.4\reactor-test-3.7.4.jar;"/>
    <property name="sun.cpu.endian" value="little"/>
    <property name="user.home" value="C:\Users\andres.jurado_pragma"/>
    <property name="user.language" value="es"/>
    <property name="java.specification.vendor" value="Oracle Corporation"/>
    <property name="java.version.date" value="2025-01-21"/>
    <property name="java.home" value="C:\Program Files\Java\jdk17.0.14_7"/>
    <property name="file.separator" value="\"/>
    <property name="basedir" value="c:\wks_sts_webflux\spring-boot-webflux-apirest"/>
    <property name="java.vm.compressedOopsMode" value="Zero based"/>
    <property name="line.separator" value="&#10;"/>
    <property name="java.vm.specification.vendor" value="Oracle Corporation"/>
    <property name="java.specification.name" value="Java Platform API Specification"/>
    <property name="FILE_LOG_CHARSET" value="windows-1252"/>
    <property name="java.awt.headless" value="true"/>
    <property name="surefire.real.class.path" value="C:\Users\andres.jurado_pragma\AppData\Local\Temp\surefire3595059403996679582\surefirebooter-20250424182159680_3.jar"/>
    <property name="user.script" value=""/>
    <property name="sun.management.compiler" value="HotSpot 64-Bit Tiered Compilers"/>
    <property name="java.runtime.version" value="17.0.14+7-LTS"/>
    <property name="user.name" value="andres.jurado_pragma"/>
    <property name="path.separator" value=";"/>
    <property name="os.version" value="10.0"/>
    <property name="java.runtime.name" value="OpenJDK Runtime Environment"/>
    <property name="file.encoding" value="Cp1252"/>
    <property name="java.vm.name" value="OpenJDK 64-Bit Server VM"/>
    <property name="java.vendor.version" value="Corretto-17.0.14.7.1"/>
    <property name="localRepository" value="C:\Users\andres.jurado_pragma\.m2"/>
    <property name="java.vendor.url.bug" value="https://github.com/corretto/corretto-17/issues/"/>
    <property name="java.io.tmpdir" value="C:\Users\ANDRES~1.JUR\AppData\Local\Temp\"/>
    <property name="java.version" value="17.0.14"/>
    <property name="user.dir" value="c:\wks_sts_webflux\spring-boot-webflux-apirest"/>
    <property name="os.arch" value="amd64"/>
    <property name="java.vm.specification.name" value="Java Virtual Machine Specification"/>
    <property name="PID" value="21264"/>
    <property name="sun.os.patch.level" value=""/>
    <property name="CONSOLE_LOG_CHARSET" value="windows-1252"/>
    <property name="native.encoding" value="Cp1252"/>
    <property name="java.library.path" value="C:\Program Files\Java\jdk17.0.14_7\bin;C:\WINDOWS\Sun\Java\bin;C:\WINDOWS\system32;C:\WINDOWS;C:\Program Files (x86)\Common Files\Oracle\Java\java8path;C:\Program Files (x86)\Common Files\Oracle\Java\javapath;C:\Program Files\Java\jdk17.0.14_7\bin;C:\Python312\Scripts\;C:\Python312\;C:\WINDOWS\system32;C:\WINDOWS;C:\WINDOWS\System32\Wbem;C:\WINDOWS\System32\WindowsPowerShell\v1.0\;C:\WINDOWS\System32\OpenSSH\;%JAVA_HOME\bin%;C:\Program Files\apache-maven-3.9.9\bin;C:\Users\andres.jurado_pragma\AppData\Roaming\nvm;C:\Program Files\nodejs;C:\Program Files\nodejs\;C:\ProgramData\chocolatey\bin;C:\Program Files\Cloudflare\Cloudflare WARP\;C:\Program Files\Amazon\AWSCLIV2\;C:\Program Files\Git\cmd;C:\Program Files\MongoDB\Server\8.0\bin;C:\Users\andres.jurado_pragma\AppData\Local\Microsoft\WindowsApps;C:\Program Files\Microsoft VS Code\bin;C:\Users\andres.jurado_pragma\AppData\Roaming\nvm;C:\Program Files\nodejs;C:\Users\andres.jurado_pragma\AppData\Roaming\npm;C:\Users\andres.jurado_pragma\AppData\Local\GitHubDesktop\bin;."/>
    <property name="java.vm.info" value="mixed mode, sharing"/>
    <property name="java.vendor" value="Amazon.com Inc."/>
    <property name="java.vm.version" value="17.0.14+7-LTS"/>
    <property name="java.specification.maintenance.version" value="1"/>
    <property name="sun.io.unicode.encoding" value="UnicodeLittle"/>
    <property name="java.class.version" value="61.0"/>
  </properties>
  <testcase name="ver2Test" classname="com.bolsadeideas.springboot.reactor.app.SpringBootWebfluxApirestApplicationTests" time="4.828">
    <system-out><![CDATA[18:22:03.626 [main] INFO org.springframework.test.context.support.AnnotationConfigContextLoaderUtils -- Could not detect default configuration classes for test class [com.bolsadeideas.springboot.reactor.app.SpringBootWebfluxApirestApplicationTests]: SpringBootWebfluxApirestApplicationTests does not declare any static, non-private, non-final, nested classes annotated with @Configuration.
18:22:04.475 [main] INFO org.springframework.boot.test.context.SpringBootTestContextBootstrapper -- Found @SpringBootConfiguration com.bolsadeideas.springboot.reactor.app.SpringBootWebfluxApirestApplication for test class com.bolsadeideas.springboot.reactor.app.SpringBootWebfluxApirestApplicationTests
18:22:05.506 [main] INFO org.springframework.boot.devtools.restart.RestartApplicationListener -- Restart disabled due to context in which it is running

  .   ____          _            __ _ _
 /\\ / ___'_ __ _ _(_)_ __  __ _ \ \ \ \
( ( )\___ | '_ | '_| | '_ \/ _` | \ \ \ \
 \\/  ___)| |_)| | | | | || (_| |  ) ) ) )
  '  |____| .__|_| |_|_| |_\__, | / / / /
 =========|_|==============|___/=/_/_/_/

 :: Spring Boot ::                (v3.4.4)

2025-04-24T18:22:07.292-05:00  INFO 21264 --- [           main] SpringBootWebfluxApirestApplicationTests : Starting SpringBootWebfluxApirestApplicationTests using Java 17.0.14 with PID 21264 (started by andres.jurado_pragma in c:\wks_sts_webflux\spring-boot-webflux-apirest)
2025-04-24T18:22:07.296-05:00  INFO 21264 --- [           main] SpringBootWebfluxApirestApplicationTests : No active profile set, falling back to 1 default profile: "default"
2025-04-24T18:22:11.088-05:00  INFO 21264 --- [           main] .s.d.r.c.RepositoryConfigurationDelegate : Bootstrapping Spring Data Reactive MongoDB repositories in DEFAULT mode.
2025-04-24T18:22:12.000-05:00  INFO 21264 --- [           main] .s.d.r.c.RepositoryConfigurationDelegate : Finished Spring Data repository scanning in 857 ms. Found 2 Reactive MongoDB repository interfaces.
2025-04-24T18:22:15.022-05:00  INFO 21264 --- [           main] org.mongodb.driver.client                : MongoClient with metadata {"driver": {"name": "mongo-java-driver|reactive-streams|spring-boot", "version": "5.2.1"}, "os": {"type": "Windows", "name": "Windows 11", "architecture": "amd64", "version": "10.0"}, "platform": "Java/Amazon.com Inc./17.0.14+7-LTS"} created with settings MongoClientSettings{readPreference=primary, writeConcern=WriteConcern{w=null, wTimeout=null ms, journal=null}, retryWrites=true, retryReads=true, readConcern=ReadConcern{level=null}, credential=null, transportSettings=NettyTransportSettings{eventLoopGroup=io.netty.channel.nio.NioEventLoopGroup@5e7abaf7, socketChannelClass=null, allocator=null, sslContext=null}, commandListeners=[], codecRegistry=ProvidersCodecRegistry{codecProviders=[ValueCodecProvider{}, BsonValueCodecProvider{}, DBRefCodecProvider{}, DBObjectCodecProvider{}, DocumentCodecProvider{}, CollectionCodecProvider{}, IterableCodecProvider{}, MapCodecProvider{}, GeoJsonCodecProvider{}, GridFSFileCodecProvider{}, Jsr310CodecProvider{}, JsonObjectCodecProvider{}, BsonCodecProvider{}, EnumCodecProvider{}, com.mongodb.client.model.mql.ExpressionCodecProvider@353f472a, com.mongodb.Jep395RecordCodecProvider@63bfdbcb, com.mongodb.KotlinCodecProvider@7af0affa]}, loggerSettings=LoggerSettings{maxDocumentLength=1000}, clusterSettings={hosts=[localhost:27017], srvServiceName=mongodb, mode=SINGLE, requiredClusterType=UNKNOWN, requiredReplicaSetName='null', serverSelector='null', clusterListeners='[]', serverSelectionTimeout='30000 ms', localThreshold='15 ms'}, socketSettings=SocketSettings{connectTimeoutMS=10000, readTimeoutMS=0, receiveBufferSize=0, proxySettings=ProxySettings{host=null, port=null, username=null, password=null}}, heartbeatSocketSettings=SocketSettings{connectTimeoutMS=10000, readTimeoutMS=10000, receiveBufferSize=0, proxySettings=ProxySettings{host=null, port=null, username=null, password=null}}, connectionPoolSettings=ConnectionPoolSettings{maxSize=100, minSize=0, maxWaitTimeMS=120000, maxConnectionLifeTimeMS=0, maxConnectionIdleTimeMS=0, maintenanceInitialDelayMS=0, maintenanceFrequencyMS=60000, connectionPoolListeners=[], maxConnecting=2}, serverSettings=ServerSettings{heartbeatFrequencyMS=10000, minHeartbeatFrequencyMS=500, serverMonitoringMode=AUTO, serverListeners='[]', serverMonitorListeners='[]'}, sslSettings=SslSettings{enabled=false, invalidHostNameAllowed=false, context=null}, applicationName='null', compressorList=[], uuidRepresentation=JAVA_LEGACY, serverApi=null, autoEncryptionSettings=null, dnsClient=null, inetAddressResolver=null, contextProvider=null, timeoutMS=null}
2025-04-24T18:22:16.385-05:00  INFO 21264 --- [localhost:27017] org.mongodb.driver.cluster               : Monitor thread successfully connected to server with description ServerDescription{address=localhost:27017, type=STANDALONE, cryptd=false, state=CONNECTED, ok=true, minWireVersion=0, maxWireVersion=25, maxDocumentSize=16777216, logicalSessionTimeoutMinutes=30, roundTripTimeNanos=250780200, minRoundTripTimeNanos=0}
2025-04-24T18:22:19.040-05:00  INFO 21264 --- [           main] SpringBootWebfluxApirestApplicationTests : Started SpringBootWebfluxApirestApplicationTests in 13.617 seconds (process running for 18.691)
2025-04-24T18:22:20.156-05:00  INFO 21264 --- [ntLoopGroup-2-3] .r.a.SpringBootWebfluxApirestApplication : Cateoria creada: Electronico, Id: 680ac7ab88f2bc21e885a50d
2025-04-24T18:22:20.306-05:00  INFO 21264 --- [ntLoopGroup-2-4] .r.a.SpringBootWebfluxApirestApplication : Cateoria creada: Deporte, Id: 680ac7ab88f2bc21e885a50e
2025-04-24T18:22:20.311-05:00  INFO 21264 --- [ntLoopGroup-2-5] .r.a.SpringBootWebfluxApirestApplication : Cateoria creada: Computacion, Id: 680ac7ab88f2bc21e885a50f
2025-04-24T18:22:20.313-05:00  INFO 21264 --- [ntLoopGroup-2-6] .r.a.SpringBootWebfluxApirestApplication : Cateoria creada: Muebles, Id: 680ac7ab88f2bc21e885a510
2025-04-24T18:22:20.767-05:00  INFO 21264 --- [ntLoopGroup-2-6] .r.a.SpringBootWebfluxApirestApplication : Insert: 680ac7ac88f2bc21e885a511 TV Panasonic Pantalla LCD
2025-04-24T18:22:21.461-05:00  INFO 21264 --- [ntLoopGroup-2-5] .r.a.SpringBootWebfluxApirestApplication : Insert: 680ac7ac88f2bc21e885a512 Sony Camara HD Digital
2025-04-24T18:22:21.464-05:00  INFO 21264 --- [ntLoopGroup-2-4] .r.a.SpringBootWebfluxApirestApplication : Insert: 680ac7ac88f2bc21e885a513 Apple iPod
2025-04-24T18:22:21.473-05:00  INFO 21264 --- [ntLoopGroup-2-3] .r.a.SpringBootWebfluxApirestApplication : Insert: 680ac7ac88f2bc21e885a514 Sony Notebook
2025-04-24T18:22:21.478-05:00  INFO 21264 --- [ntLoopGroup-2-7] .r.a.SpringBootWebfluxApirestApplication : Insert: 680ac7ac88f2bc21e885a515 Hewlett Packard Multifuncional
2025-04-24T18:22:21.482-05:00  INFO 21264 --- [ntLoopGroup-2-8] .r.a.SpringBootWebfluxApirestApplication : Insert: 680ac7ac88f2bc21e885a516 Bianchi Bicicleta
2025-04-24T18:22:21.486-05:00  INFO 21264 --- [ntLoopGroup-2-9] .r.a.SpringBootWebfluxApirestApplication : Insert: 680ac7ac88f2bc21e885a517 HP Notebook Omen 17
2025-04-24T18:22:21.491-05:00  INFO 21264 --- [tLoopGroup-2-10] .r.a.SpringBootWebfluxApirestApplication : Insert: 680ac7ac88f2bc21e885a518 Mica comoda 5 cajones
2025-04-24T18:22:21.494-05:00  INFO 21264 --- [tLoopGroup-2-11] .r.a.SpringBootWebfluxApirestApplication : Insert: 680ac7ac88f2bc21e885a519 TV Sony Bravia OLED 4K Ultra HD
]]></system-out>
  </testcase>
  <testcase name="listarConsumeWithTest" classname="com.bolsadeideas.springboot.reactor.app.SpringBootWebfluxApirestApplicationTests" time="0.091">
    <system-out><![CDATA[TV Panasonic Pantalla LCD
Sony Camara HD Digital
Apple iPod
Sony Notebook
Hewlett Packard Multifuncional
Bianchi Bicicleta
HP Notebook Omen 17
Mica comoda 5 cajones
TV Sony Bravia OLED 4K Ultra HD
]]></system-out>
  </testcase>
  <testcase name="editarTest" classname="com.bolsadeideas.springboot.reactor.app.SpringBootWebfluxApirestApplicationTests" time="0.196"/>
  <testcase name="listaTest" classname="com.bolsadeideas.springboot.reactor.app.SpringBootWebfluxApirestApplicationTests" time="0.036"/>
  <testcase name="verTest" classname="com.bolsadeideas.springboot.reactor.app.SpringBootWebfluxApirestApplicationTests" time="0.026"/>
  <testcase name="crearTest" classname="com.bolsadeideas.springboot.reactor.app.SpringBootWebfluxApirestApplicationTests" time="0.216"/>
  <testcase name="crear2Test" classname="com.bolsadeideas.springboot.reactor.app.SpringBootWebfluxApirestApplicationTests" time="0.028"/>
</testsuite>